<?xml version="1.0" encoding="UTF-8"?>
<!-- Generated by org.testng.reporters.JUnitReportReporter -->
<testsuite skipped="0" hostname="LAPTOP-UGO42A9M" name="com.qa.Test.GetAPITest" tests="2" failures="0" timestamp="03 Aug 2019 15:06:17 GMT" time="3.381" errors="0">
  <testcase name="getApiByLonandLat" time="1.816" classname="com.qa.Test.GetAPITest"/>
  <testcase name="getApiByPostalCode" time="1.565" classname="com.qa.Test.GetAPITest"/>
</testsuite> <!-- com.qa.Test.GetAPITest -->
